<?xml version="1.0" encoding="utf-8"?>
<TestRun id="450643cd-3a14-4322-a24c-0d55d6563b5f" name="@fd7c923ba5f6 2024-07-11 15:42:47" xmlns="http://microsoft.com/schemas/VisualStudio/TeamTest/2010">
  <Times creation="2024-07-11T15:42:47.7705682+00:00" queuing="2024-07-11T15:42:47.7705683+00:00" start="2024-07-11T15:42:45.1097033+00:00" finish="2024-07-11T15:42:47.7803973+00:00" />
  <TestSettings name="default" id="507722e0-07c6-4cfd-83f1-c83ea1708c0a">
    <Deployment runDeploymentRoot="_fd7c923ba5f6_2024-07-11_15_42_47" />
  </TestSettings>
  <Results>
    <UnitTestResult executionId="ff1d4efb-6259-4a71-b4cd-20628abc9509" testId="793fed49-e3cf-2f5e-41df-1e2330dc0faa" testName="PhotosControllerTests.SearchPhotos_ReturnsOkObjectResult_WithListOfPhotos" computerName="fd7c923ba5f6" duration="00:00:00.3222299" startTime="2024-07-11T15:42:47.3953988+00:00" endTime="2024-07-11T15:42:47.3954093+00:00" testType="13cdc9d9-ddb5-4fa4-a97d-d965ccfc6d4b" outcome="Passed" testListId="8c84fa94-04c1-424b-9868-57a2d4851a1d" relativeResultsDirectory="ff1d4efb-6259-4a71-b4cd-20628abc9509" />
    <UnitTestResult executionId="3121e361-3f31-4a8f-bc79-56c523019819" testId="cb1b1af6-826f-38d3-ab42-ca4b2b5dcae8" testName="FetchServiceTests.SearchPhotosAsync_ReturnsPhotos" computerName="fd7c923ba5f6" duration="00:00:00.4562142" startTime="2024-07-11T15:42:47.5270400+00:00" endTime="2024-07-11T15:42:47.5270400+00:00" testType="13cdc9d9-ddb5-4fa4-a97d-d965ccfc6d4b" outcome="Passed" testListId="8c84fa94-04c1-424b-9868-57a2d4851a1d" relativeResultsDirectory="3121e361-3f31-4a8f-bc79-56c523019819" />
  </Results>
  <TestDefinitions>
    <UnitTest name="FetchServiceTests.SearchPhotosAsync_ReturnsPhotos" storage="/app/assignment.unittests/bin/debug/net8.0/assignment.unittests.dll" id="cb1b1af6-826f-38d3-ab42-ca4b2b5dcae8">
      <Execution id="3121e361-3f31-4a8f-bc79-56c523019819" />
      <TestMethod codeBase="/app/Assignment.UnitTests/bin/Debug/net8.0/Assignment.UnitTests.dll" adapterTypeName="executor://xunit/VsTestRunner2/netcoreapp" className="FetchServiceTests" name="SearchPhotosAsync_ReturnsPhotos" />
    </UnitTest>
    <UnitTest name="PhotosControllerTests.SearchPhotos_ReturnsOkObjectResult_WithListOfPhotos" storage="/app/assignment.unittests/bin/debug/net8.0/assignment.unittests.dll" id="793fed49-e3cf-2f5e-41df-1e2330dc0faa">
      <Execution id="ff1d4efb-6259-4a71-b4cd-20628abc9509" />
      <TestMethod codeBase="/app/Assignment.UnitTests/bin/Debug/net8.0/Assignment.UnitTests.dll" adapterTypeName="executor://xunit/VsTestRunner2/netcoreapp" className="PhotosControllerTests" name="SearchPhotos_ReturnsOkObjectResult_WithListOfPhotos" />
    </UnitTest>
  </TestDefinitions>
  <TestEntries>
    <TestEntry testId="793fed49-e3cf-2f5e-41df-1e2330dc0faa" executionId="ff1d4efb-6259-4a71-b4cd-20628abc9509" testListId="8c84fa94-04c1-424b-9868-57a2d4851a1d" />
    <TestEntry testId="cb1b1af6-826f-38d3-ab42-ca4b2b5dcae8" executionId="3121e361-3f31-4a8f-bc79-56c523019819" testListId="8c84fa94-04c1-424b-9868-57a2d4851a1d" />
  </TestEntries>
  <TestLists>
    <TestList name="Results Not in a List" id="8c84fa94-04c1-424b-9868-57a2d4851a1d" />
    <TestList name="All Loaded Results" id="19431567-8539-422a-85d7-44ee4e166bda" />
  </TestLists>
  <ResultSummary outcome="Completed">
    <Counters total="2" executed="2" passed="2" failed="0" error="0" timeout="0" aborted="0" inconclusive="0" passedButRunAborted="0" notRunnable="0" notExecuted="0" disconnected="0" warning="0" completed="0" inProgress="0" pending="0" />
    <Output>
      <StdOut>[xUnit.net 00:00:00.00] xUnit.net VSTest Adapter v2.8.2+699d445a1a (64-bit .NET 8.0.7)
[xUnit.net 00:00:00.21]   Discovering: Assignment.UnitTests
[xUnit.net 00:00:00.28]   Discovered:  Assignment.UnitTests
[xUnit.net 00:00:00.29]   Starting:    Assignment.UnitTests
[xUnit.net 00:00:00.84]   Finished:    Assignment.UnitTests
</StdOut>
    </Output>
  </ResultSummary>
</TestRun>