<?xml version="1.0" encoding="utf-8"?>
<TestRun id="15c78546-9f4e-4732-910f-e8ae53ab2588" name="@d92c0a276473 2024-07-11 15:42:49" xmlns="http://microsoft.com/schemas/VisualStudio/TeamTest/2010">
  <Times creation="2024-07-11T15:42:49.6337129+00:00" queuing="2024-07-11T15:42:49.6337130+00:00" start="2024-07-11T15:42:44.3664881+00:00" finish="2024-07-11T15:42:49.6404393+00:00" />
  <TestSettings name="default" id="ad795a69-b1eb-4061-9eda-bc7ed266547e">
    <Deployment runDeploymentRoot="_d92c0a276473_2024-07-11_15_42_49" />
  </TestSettings>
  <Results>
    <UnitTestResult executionId="7b5626e5-4b35-48ae-83a3-a804a3020b29" testId="ec2d2326-3ef3-a4f3-6694-d2dc72a9a800" testName="IntegrationTest.SearchPhotos_EndpointReturnsSuccessAndCorrectContentType" computerName="d92c0a276473" duration="00:00:02.9810911" startTime="2024-07-11T15:42:49.4142842+00:00" endTime="2024-07-11T15:42:49.4142973+00:00" testType="13cdc9d9-ddb5-4fa4-a97d-d965ccfc6d4b" outcome="Passed" testListId="8c84fa94-04c1-424b-9868-57a2d4851a1d" relativeResultsDirectory="7b5626e5-4b35-48ae-83a3-a804a3020b29" />
  </Results>
  <TestDefinitions>
    <UnitTest name="IntegrationTest.SearchPhotos_EndpointReturnsSuccessAndCorrectContentType" storage="/app/assignment.integrationtests/bin/debug/net8.0/assignment.integrationtests.dll" id="ec2d2326-3ef3-a4f3-6694-d2dc72a9a800">
      <Execution id="7b5626e5-4b35-48ae-83a3-a804a3020b29" />
      <TestMethod codeBase="/app/Assignment.IntegrationTests/bin/Debug/net8.0/Assignment.IntegrationTests.dll" adapterTypeName="executor://xunit/VsTestRunner2/netcoreapp" className="IntegrationTest" name="SearchPhotos_EndpointReturnsSuccessAndCorrectContentType" />
    </UnitTest>
  </TestDefinitions>
  <TestEntries>
    <TestEntry testId="ec2d2326-3ef3-a4f3-6694-d2dc72a9a800" executionId="7b5626e5-4b35-48ae-83a3-a804a3020b29" testListId="8c84fa94-04c1-424b-9868-57a2d4851a1d" />
  </TestEntries>
  <TestLists>
    <TestList name="Results Not in a List" id="8c84fa94-04c1-424b-9868-57a2d4851a1d" />
    <TestList name="All Loaded Results" id="19431567-8539-422a-85d7-44ee4e166bda" />
  </TestLists>
  <ResultSummary outcome="Completed">
    <Counters total="1" executed="1" passed="1" failed="0" error="0" timeout="0" aborted="0" inconclusive="0" passedButRunAborted="0" notRunnable="0" notExecuted="0" disconnected="0" warning="0" completed="0" inProgress="0" pending="0" />
    <Output>
      <StdOut>[xUnit.net 00:00:00.00] xUnit.net VSTest Adapter v2.8.2+699d445a1a (64-bit .NET 8.0.7)
[xUnit.net 00:00:00.27]   Discovering: Assignment.IntegrationTests
[xUnit.net 00:00:00.34]   Discovered:  Assignment.IntegrationTests
[xUnit.net 00:00:00.34]   Starting:    Assignment.IntegrationTests
[xUnit.net 00:00:03.49]   Finished:    Assignment.IntegrationTests
</StdOut>
    </Output>
  </ResultSummary>
</TestRun>